# JRE version: Java(TM) SE Runtime Environment (8.0_151-b12) (build 1.8.0_151-b12)
# Java VM: Java HotSpot(TM) 64-Bit Server VM (25.151-b12 mixed mode bsd-amd64 compressed oops)
Heap:
 PSYoungGen      total 524800K, used 93020K [0x000000076ab00000, 0x000000079b280000, 0x00000007c0000000)
  eden space 504832K, 18% used [0x000000076ab00000,0x00000007705d7158,0x0000000789800000)
  from space 19968K, 0% used [0x0000000789800000,0x0000000789800000,0x000000078ab80000)
  to   space 19456K, 0% used [0x0000000799f80000,0x0000000799f80000,0x000000079b280000)
 ParOldGen       total 147968K, used 24368K [0x00000006c0000000, 0x00000006c9080000, 0x000000076ab00000)
  object space 147968K, 16% used [0x00000006c0000000,0x00000006c17cc078,0x00000006c9080000)
 Metaspace       used 38844K, capacity 39382K, committed 39704K, reserved 1083392K
  class space    used 4933K, capacity 5121K, committed 5144K, reserved 1048576K
GC Heap History (10 events):
Event: 1.616 GC heap before
{Heap before GC invocations=6 (full 1):
 PSYoungGen      total 272896K, used 6953K [0x000000076ab00000, 0x000000078bf00000, 0x00000007c0000000)
  eden space 262144K, 0% used [0x000000076ab00000,0x000000076ab00000,0x000000077ab00000)
  from space 10752K, 64% used [0x000000077ab00000,0x000000077b1ca4c0,0x000000077b580000)
  to   space 10240K, 0% used [0x000000078b500000,0x000000078b500000,0x000000078bf00000)
 ParOldGen       total 175104K, used 112K [0x00000006c0000000, 0x00000006cab00000, 0x000000076ab00000)
  object space 175104K, 0% used [0x00000006c0000000,0x00000006c001c010,0x00000006cab00000)
 Metaspace       used 21486K, capacity 21776K, committed 21960K, reserved 1069056K
  class space    used 2646K, capacity 2769K, committed 2840K, reserved 1048576K
Event: 1.646 GC heap after
Heap after GC invocations=6 (full 1):
 PSYoungGen      total 272896K, used 0K [0x000000076ab00000, 0x000000078bf00000, 0x00000007c0000000)
  eden space 262144K, 0% used [0x000000076ab00000,0x000000076ab00000,0x000000077ab00000)
  from space 10752K, 0% used [0x000000077ab00000,0x000000077ab00000,0x000000077b580000)
  to   space 10240K, 0% used [0x000000078b500000,0x000000078b500000,0x000000078bf00000)
 ParOldGen       total 86016K, used 6832K [0x00000006c0000000, 0x00000006c5400000, 0x000000076ab00000)
  object space 86016K, 7% used [0x00000006c0000000,0x00000006c06ac1a8,0x00000006c5400000)
 Metaspace       used 21486K, capacity 21776K, committed 21960K, reserved 1069056K
  class space    used 2646K, capacity 2769K, committed 2840K, reserved 1048576K
}
Event: 4.122 GC heap before
{Heap before GC invocations=7 (full 1):
 PSYoungGen      total 272896K, used 245006K [0x000000076ab00000, 0x000000078bf00000, 0x00000007c0000000)
  eden space 262144K, 93% used [0x000000076ab00000,0x0000000779a43ad8,0x000000077ab00000)
  from space 10752K, 0% used [0x000000077ab00000,0x000000077ab00000,0x000000077b580000)
  to   space 10240K, 0% used [0x000000078b500000,0x000000078b500000,0x000000078bf00000)
 ParOldGen       total 86016K, used 6832K [0x00000006c0000000, 0x00000006c5400000, 0x000000076ab00000)
  object space 86016K, 7% used [0x00000006c0000000,0x00000006c06ac1a8,0x00000006c5400000)
 Metaspace       used 35941K, capacity 36416K, committed 36600K, reserved 1081344K
  class space    used 4563K, capacity 4720K, committed 4760K, reserved 1048576K
Event: 4.144 GC heap after
Heap after GC invocations=7 (full 1):
 PSYoungGen      total 472576K, used 10224K [0x000000076ab00000, 0x000000078bf00000, 0x00000007c0000000)
  eden space 462336K, 0% used [0x000000076ab00000,0x000000076ab00000,0x0000000786e80000)
  from space 10240K, 99% used [0x000000078b500000,0x000000078befc040,0x000000078bf00000)
  to   space 19968K, 0% used [0x0000000789800000,0x0000000789800000,0x000000078ab80000)
 ParOldGen       total 86016K, used 22044K [0x00000006c0000000, 0x00000006c5400000, 0x000000076ab00000)
  object space 86016K, 25% used [0x00000006c0000000,0x00000006c15872a0,0x00000006c5400000)
 Metaspace       used 35941K, capacity 36416K, committed 36600K, reserved 1081344K
  class space    used 4563K, capacity 4720K, committed 4760K, reserved 1048576K
}
Event: 4.144 GC heap before
{Heap before GC invocations=8 (full 2):
 PSYoungGen      total 472576K, used 10224K [0x000000076ab00000, 0x000000078bf00000, 0x00000007c0000000)
  eden space 462336K, 0% used [0x000000076ab00000,0x000000076ab00000,0x0000000786e80000)
  from space 10240K, 99% used [0x000000078b500000,0x000000078befc040,0x000000078bf00000)
  to   space 19968K, 0% used [0x0000000789800000,0x0000000789800000,0x000000078ab80000)
 ParOldGen       total 86016K, used 22044K [0x00000006c0000000, 0x00000006c5400000, 0x000000076ab00000)
  object space 86016K, 25% used [0x00000006c0000000,0x00000006c15872a0,0x00000006c5400000)
 Metaspace       used 35941K, capacity 36416K, committed 36600K, reserved 1081344K
  class space    used 4563K, capacity 4720K, committed 4760K, reserved 1048576K
Event: 4.274 GC heap after
Heap after GC invocations=8 (full 2):
 PSYoungGen      total 472576K, used 0K [0x000000076ab00000, 0x000000078bf00000, 0x00000007c0000000)
  eden space 462336K, 0% used [0x000000076ab00000,0x000000076ab00000,0x0000000786e80000)
  from space 10240K, 0% used [0x000000078b500000,0x000000078b500000,0x000000078bf00000)
  to   space 19968K, 0% used [0x0000000789800000,0x0000000789800000,0x000000078ab80000)
 ParOldGen       total 147968K, used 30854K [0x00000006c0000000, 0x00000006c9080000, 0x000000076ab00000)
  object space 147968K, 20% used [0x00000006c0000000,0x00000006c1e21a70,0x00000006c9080000)
 Metaspace       used 35941K, capacity 36416K, committed 36600K, reserved 1081344K
  class space    used 4563K, capacity 4720K, committed 4760K, reserved 1048576K
}
Event: 34.882 GC heap before
{Heap before GC invocations=9 (full 2):
 PSYoungGen      total 472576K, used 164161K [0x000000076ab00000, 0x000000078bf00000, 0x00000007c0000000)
  eden space 462336K, 35% used [0x000000076ab00000,0x0000000774b50588,0x0000000786e80000)
  from space 10240K, 0% used [0x000000078b500000,0x000000078b500000,0x000000078bf00000)
  to   space 19968K, 0% used [0x0000000789800000,0x0000000789800000,0x000000078ab80000)
 ParOldGen       total 147968K, used 30854K [0x00000006c0000000, 0x00000006c9080000, 0x000000076ab00000)
  object space 147968K, 20% used [0x00000006c0000000,0x00000006c1e21a70,0x00000006c9080000)
 Metaspace       used 38661K, capacity 39186K, committed 39448K, reserved 1083392K
  class space    used 4927K, capacity 5084K, committed 5144K, reserved 1048576K
Event: 34.890 GC heap after
Heap after GC invocations=9 (full 2):
 PSYoungGen      total 524800K, used 5700K [0x000000076ab00000, 0x000000079b280000, 0x00000007c0000000)
  eden space 504832K, 0% used [0x000000076ab00000,0x000000076ab00000,0x0000000789800000)
  from space 19968K, 28% used [0x0000000789800000,0x0000000789d91058,0x000000078ab80000)
  to   space 19456K, 0% used [0x0000000799f80000,0x0000000799f80000,0x000000079b280000)
 ParOldGen       total 147968K, used 30862K [0x00000006c0000000, 0x00000006c9080000, 0x000000076ab00000)
  object space 147968K, 20% used [0x00000006c0000000,0x00000006c1e23a70,0x00000006c9080000)
 Metaspace       used 38661K, capacity 39186K, committed 39448K, reserved 1083392K
  class space    used 4927K, capacity 5084K, committed 5144K, reserved 1048576K
}
Event: 34.890 GC heap before
{Heap before GC invocations=10 (full 3):
 PSYoungGen      total 524800K, used 5700K [0x000000076ab00000, 0x000000079b280000, 0x00000007c0000000)
  eden space 504832K, 0% used [0x000000076ab00000,0x000000076ab00000,0x0000000789800000)
  from space 19968K, 28% used [0x0000000789800000,0x0000000789d91058,0x000000078ab80000)
  to   space 19456K, 0% used [0x0000000799f80000,0x0000000799f80000,0x000000079b280000)
 ParOldGen       total 147968K, used 30862K [0x00000006c0000000, 0x00000006c9080000, 0x000000076ab00000)
  object space 147968K, 20% used [0x00000006c0000000,0x00000006c1e23a70,0x00000006c9080000)
 Metaspace       used 38661K, capacity 39186K, committed 39448K, reserved 1083392K
  class space    used 4927K, capacity 5084K, committed 5144K, reserved 1048576K
Event: 35.020 GC heap after
Heap after GC invocations=10 (full 3):
 PSYoungGen      total 524800K, used 0K [0x000000076ab00000, 0x000000079b280000, 0x00000007c0000000)
  eden space 504832K, 0% used [0x000000076ab00000,0x000000076ab00000,0x0000000789800000)
  from space 19968K, 0% used [0x0000000789800000,0x0000000789800000,0x000000078ab80000)
  to   space 19456K, 0% used [0x0000000799f80000,0x0000000799f80000,0x000000079b280000)
 ParOldGen       total 147968K, used 24368K [0x00000006c0000000, 0x00000006c9080000, 0x000000076ab00000)
  object space 147968K, 16% used [0x00000006c0000000,0x00000006c17cc078,0x00000006c9080000)
 Metaspace       used 38661K, capacity 39186K, committed 39448K, reserved 1083392K
  class space    used 4927K, capacity 5084K, committed 5144K, reserved 1048576K
}

